<?xml version="1.0" encoding="UTF-8"?>
<!-- Generated by org.testng.reporters.JUnitReportReporter -->
<testsuite hostname="AMARNATHs-MacBook-Pro.local" failures="0" tests="1" name="script.DemoTest1" time="35.462" errors="0" timestamp="13 Sep 2023 14:55:40 GMT" skipped="0">
  <testcase classname="script.DemoTest1" name="testA" time="35.462"/>
</testsuite> <!-- script.DemoTest1 -->
