<?xml version="1.0" encoding="UTF-8"?>
<!-- Generated by org.testng.reporters.JUnitReportReporter -->
<testsuite hostname="AMARNATHs-MacBook-Pro.local" failures="0" tests="1" name="script.ValidLogin" time="52.579" errors="0" timestamp="13 Sep 2023 15:14:45 GMT" skipped="0">
  <testcase classname="script.ValidLogin" name="testValidLogin" time="52.579"/>
</testsuite> <!-- script.ValidLogin -->
