<?xml version="1.0" encoding="UTF-8"?>
<!-- Generated by org.testng.reporters.JUnitReportReporter -->
<testsuite hostname="AMARNATHs-MacBook-Pro.local" failures="0" tests="1" name="script.DemoTest" time="38.137" errors="0" timestamp="11 Sept 2023 14:55:36 GMT" skipped="0">
  <testcase classname="script.DemoTest" name="testA" time="38.137"/>
</testsuite> <!-- script.DemoTest -->
